2025-12-08 08:25:09.913981: I tensorflow/core/util/port.cc:153] oneDNN custom operations are on. You may see slightly different numerical results due to floating-point round-off errors from different computation orders. To turn them off, set the environment variable `TF_ENABLE_ONEDNN_OPTS=0`.
2025-12-08 08:25:11.250803: I tensorflow/core/util/port.cc:153] oneDNN custom operations are on. You may see slightly different numerical results due to floating-point round-off errors from different computation orders. To turn them off, set the environment variable `TF_ENABLE_ONEDNN_OPTS=0`.
2025-12-08 08:25:11.748886: I tensorflow/core/platform/cpu_feature_guard.cc:210] This TensorFlow binary is optimized to use available CPU instructions in performance-critical operations.
To enable the following instructions: SSE3 SSE4.1 SSE4.2 AVX AVX2 AVX_VNNI FMA, in other operations, rebuild TensorFlow with the appropriate compiler flags.
C:\Users\sanat\Desktop\energy forecast\venv\Lib\site-packages\sklearn\base.py:442: InconsistentVersionWarning: Trying to unpickle estimator MinMaxScaler from version 1.6.1 when using version 1.7.2. This might lead to breaking code or invalid results. Use at your own risk. For more info please refer to:
https://scikit-learn.org/stable/model_persistence.html#security-maintainability-limitations
  warnings.warn(
INFO:     Started server process [11936]
INFO:     Waiting for application startup.
INFO:     Application startup complete.
INFO:     Uvicorn running on http://127.0.0.1:8001 (Press CTRL+C to quit)
2025-12-08 08:25:44 - INFO - Fetching https://www.ercot.com/api/1/services/read/dashboards/supply-demand.json
2025-12-08 08:25:44 - INFO - Requesting https://www.ercot.com/api/1/services/read/dashboards/supply-demand.json with {}
C:\Users\sanat\Desktop\energy forecast\main.py:109: FutureWarning: Series.fillna with 'method' is deprecated and will raise in a future version. Use obj.ffill() or obj.bfill() instead.
  s_filled = s_filled.fillna(method="ffill").fillna(method="bfill")
C:\Users\sanat\Desktop\energy forecast\main.py:118: FutureWarning: 'H' is deprecated and will be removed in a future version, please use 'h' instead.
  df_hourly = df["Load"].resample("1H").mean()
C:\Users\sanat\Desktop\energy forecast\venv\Lib\site-packages\sklearn\utils\validation.py:2749: UserWarning: X does not have valid feature names, but MinMaxScaler was fitted with feature names
  warnings.warn(
2025-12-08 08:26:17 - INFO - Fetching https://www.ercot.com/api/1/services/read/dashboards/supply-demand.json
2025-12-08 08:26:17 - INFO - Requesting https://www.ercot.com/api/1/services/read/dashboards/supply-demand.json with {}
C:\Users\sanat\Desktop\energy forecast\main.py:109: FutureWarning: Series.fillna with 'method' is deprecated and will raise in a future version. Use obj.ffill() or obj.bfill() instead.
  s_filled = s_filled.fillna(method="ffill").fillna(method="bfill")
C:\Users\sanat\Desktop\energy forecast\main.py:118: FutureWarning: 'H' is deprecated and will be removed in a future version, please use 'h' instead.
  df_hourly = df["Load"].resample("1H").mean()
C:\Users\sanat\Desktop\energy forecast\venv\Lib\site-packages\sklearn\utils\validation.py:2749: UserWarning: X does not have valid feature names, but MinMaxScaler was fitted with feature names
  warnings.warn(
2025-12-08 08:26:29 - INFO - Fetching https://www.ercot.com/api/1/services/read/dashboards/supply-demand.json
2025-12-08 08:26:29 - INFO - Requesting https://www.ercot.com/api/1/services/read/dashboards/supply-demand.json with {}
C:\Users\sanat\Desktop\energy forecast\main.py:109: FutureWarning: Series.fillna with 'method' is deprecated and will raise in a future version. Use obj.ffill() or obj.bfill() instead.
  s_filled = s_filled.fillna(method="ffill").fillna(method="bfill")
C:\Users\sanat\Desktop\energy forecast\main.py:118: FutureWarning: 'H' is deprecated and will be removed in a future version, please use 'h' instead.
  df_hourly = df["Load"].resample("1H").mean()
C:\Users\sanat\Desktop\energy forecast\venv\Lib\site-packages\sklearn\utils\validation.py:2749: UserWarning: X does not have valid feature names, but MinMaxScaler was fitted with feature names
  warnings.warn(
2025-12-08 08:26:51 - INFO - Fetching https://www.ercot.com/api/1/services/read/dashboards/supply-demand.json
2025-12-08 08:26:51 - INFO - Requesting https://www.ercot.com/api/1/services/read/dashboards/supply-demand.json with {}
C:\Users\sanat\Desktop\energy forecast\main.py:109: FutureWarning: Series.fillna with 'method' is deprecated and will raise in a future version. Use obj.ffill() or obj.bfill() instead.
  s_filled = s_filled.fillna(method="ffill").fillna(method="bfill")
C:\Users\sanat\Desktop\energy forecast\main.py:118: FutureWarning: 'H' is deprecated and will be removed in a future version, please use 'h' instead.
  df_hourly = df["Load"].resample("1H").mean()
C:\Users\sanat\Desktop\energy forecast\venv\Lib\site-packages\sklearn\utils\validation.py:2749: UserWarning: X does not have valid feature names, but MinMaxScaler was fitted with feature names
  warnings.warn(
