2025-12-07 23:32:57.482570: I tensorflow/core/util/port.cc:153] oneDNN custom operations are on. You may see slightly different numerical results due to floating-point round-off errors from different computation orders. To turn them off, set the environment variable `TF_ENABLE_ONEDNN_OPTS=0`.
2025-12-07 23:33:00.395840: I tensorflow/core/util/port.cc:153] oneDNN custom operations are on. You may see slightly different numerical results due to floating-point round-off errors from different computation orders. To turn them off, set the environment variable `TF_ENABLE_ONEDNN_OPTS=0`.
2025-12-07 23:33:01.470632: I tensorflow/core/platform/cpu_feature_guard.cc:210] This TensorFlow binary is optimized to use available CPU instructions in performance-critical operations.
To enable the following instructions: SSE3 SSE4.1 SSE4.2 AVX AVX2 AVX_VNNI FMA, in other operations, rebuild TensorFlow with the appropriate compiler flags.
C:\Users\sanat\AppData\Roaming\Python\Python311\site-packages\sklearn\base.py:442: InconsistentVersionWarning: Trying to unpickle estimator MinMaxScaler from version 1.6.1 when using version 1.7.2. This might lead to breaking code or invalid results. Use at your own risk. For more info please refer to:
https://scikit-learn.org/stable/model_persistence.html#security-maintainability-limitations
  warnings.warn(
INFO:     Started server process [27620]
INFO:     Waiting for application startup.
INFO:     Application startup complete.
ERROR:    [Errno 10048] error while attempting to bind on address ('127.0.0.1', 8000): only one usage of each socket address (protocol/network address/port) is normally permitted
INFO:     Waiting for application shutdown.
INFO:     App2025-12-07 23:34:10 - INFO - Fetching https://www.ercot.com/api/1/services/read/dashboards/supply-demand.json
2025-12-07 23:34:10 - INFO - Requesting https://www.ercot.com/api/1/services/read/dashboards/supply-demand.json with {}
C:\Users\sanat\Desktop\energy forecast\main.py:98: FutureWarning: Series.fillna with 'method' is deprecated and will raise in a future version. Use obj.ffill() or obj.bfill() instead.
  s_filled = s_filled.fillna(method="ffill").fillna(method="bfill")
C:\Users\sanat\Desktop\energy forecast\main.py:107: FutureWarning: 'H' is deprecated and will be removed in a future version, please use 'h' instead.
  df_hourly = df["Load"].resample("1H").mean()
2025-12-07 23:44:10 - INFO - Fetching https://www.ercot.com/api/1/services/read/dashboards/supply-demand.json
2025-12-07 23:44:10 - INFO - Requesting https://www.ercot.com/api/1/services/read/dashboards/supply-demand.json with {}
C:\Users\sanat\Desktop\energy forecast\main.py:98: FutureWarning: Series.fillna with 'method' is deprecated and will raise in a future version. Use obj.ffill() or obj.bfill() instead.
  s_filled = s_filled.fillna(method="ffill").fillna(method="bfill")
C:\Users\sanat\Desktop\energy forecast\main.py:107: FutureWarning: 'H' is deprecated and will be removed in a future version, please use 'h' instead.
  df_hourly = df["Load"].resample("1H").mean()
2025-12-07 23:54:10 - INFO - Fetching https://www.ercot.com/api/1/services/read/dashboards/supply-demand.json
2025-12-07 23:54:10 - INFO - Requesting https://www.ercot.com/api/1/services/read/dashboards/supply-demand.json with {}
C:\Users\sanat\Desktop\energy forecast\main.py:98: FutureWarning: Series.fillna with 'method' is deprecated and will raise in a future version. Use obj.ffill() or obj.bfill() instead.
  s_filled = s_filled.fillna(method="ffill").fillna(method="bfill")
C:\Users\sanat\Desktop\energy forecast\main.py:107: FutureWarning: 'H' is deprecated and will be removed in a future version, please use 'h' instead.
  df_hourly = df["Load"].resample("1H").mean()
2025-12-08 00:04:10 - INFO - Fetching https://www.ercot.com/api/1/services/read/dashboards/supply-demand.json
2025-12-08 00:04:10 - INFO - Requesting https://www.ercot.com/api/1/services/read/dashboards/supply-demand.json with {}
2025-12-08 00:14:10 - INFO - Fetching https://www.ercot.com/api/1/services/read/dashboards/supply-demand.json
2025-12-08 00:14:10 - INFO - Requesting https://www.ercot.com/api/1/services/read/dashboards/supply-demand.json with {}
2025-12-08 00:24:10 - INFO - Fetching https://www.ercot.com/api/1/services/read/dashboards/supply-demand.json
2025-12-08 00:24:10 - INFO - Requesting https://www.ercot.com/api/1/services/read/dashboards/supply-demand.json with {}
2025-12-08 00:34:10 - INFO - Fetching https://www.ercot.com/api/1/services/read/dashboards/supply-demand.json
2025-12-08 00:34:10 - INFO - Requesting https://www.ercot.com/api/1/services/read/dashboards/supply-demand.json with {}
Run time of job "refresh_fallback_job (trigger: interval[0:10:00], next run at: 2025-12-08 08:04:10 CST)" was missed by 0:09:36.898887
2025-12-08 08:04:10 - INFO - Fetching https://www.ercot.com/api/1/services/read/dashboards/supply-demand.json
2025-12-08 08:04:10 - INFO - Requesting https://www.ercot.com/api/1/services/read/dashboards/supply-demand.json with {}
C:\Users\sanat\Desktop\energy forecast\main.py:98: FutureWarning: Series.fillna with 'method' is deprecated and will raise in a future version. Use obj.ffill() or obj.bfill() instead.
  s_filled = s_filled.fillna(method="ffill").fillna(method="bfill")
C:\Users\sanat\Desktop\energy forecast\main.py:107: FutureWarning: 'H' is deprecated and will be removed in a future version, please use 'h' instead.
  df_hourly = df["Load"].resample("1H").mean()
2025-12-08 08:14:10 - INFO - Fetching https://www.ercot.com/api/1/services/read/dashboards/supply-demand.json
2025-12-08 08:14:10 - INFO - Requesting https://www.ercot.com/api/1/services/read/dashboards/supply-demand.json with {}
C:\Users\sanat\Desktop\energy forecast\main.py:98: FutureWarning: Series.fillna with 'method' is deprecated and will raise in a future version. Use obj.ffill() or obj.bfill() instead.
  s_filled = s_filled.fillna(method="ffill").fillna(method="bfill")
C:\Users\sanat\Desktop\energy forecast\main.py:107: FutureWarning: 'H' is deprecated and will be removed in a future version, please use 'h' instead.
  df_hourly = df["Load"].resample("1H").mean()
2025-12-08 08:24:10 - INFO - Fetching https://www.ercot.com/api/1/services/read/dashboards/supply-demand.json
2025-12-08 08:24:10 - INFO - Requesting https://www.ercot.com/api/1/services/read/dashboards/supply-demand.json with {}
C:\Users\sanat\Desktop\energy forecast\main.py:98: FutureWarning: Series.fillna with 'method' is deprecated and will raise in a future version. Use obj.ffill() or obj.bfill() instead.
  s_filled = s_filled.fillna(method="ffill").fillna(method="bfill")
C:\Users\sanat\Desktop\energy forecast\main.py:107: FutureWarning: 'H' is deprecated and will be removed in a future version, please use 'h' instead.
  df_hourly = df["Load"].resample("1H").mean()
2025-12-08 08:34:10 - INFO - Fetching https://www.ercot.com/api/1/services/read/dashboards/supply-demand.json
2025-12-08 08:34:10 - INFO - Requesting https://www.ercot.com/api/1/services/read/dashboards/supply-demand.json with {}
C:\Users\sanat\Desktop\energy forecast\main.py:98: FutureWarning: Series.fillna with 'method' is deprecated and will raise in a future version. Use obj.ffill() or obj.bfill() instead.
  s_filled = s_filled.fillna(method="ffill").fillna(method="bfill")
C:\Users\sanat\Desktop\energy forecast\main.py:107: FutureWarning: 'H' is deprecated and will be removed in a future version, please use 'h' instead.
  df_hourly = df["Load"].resample("1H").mean()
2025-12-08 08:44:10 - INFO - Fetching https://www.ercot.com/api/1/services/read/dashboards/supply-demand.json
2025-12-08 08:44:10 - INFO - Requesting https://www.ercot.com/api/1/services/read/dashboards/supply-demand.json with {}
C:\Users\sanat\Desktop\energy forecast\main.py:98: FutureWarning: Series.fillna with 'method' is deprecated and will raise in a future version. Use obj.ffill() or obj.bfill() instead.
  s_filled = s_filled.fillna(method="ffill").fillna(method="bfill")
C:\Users\sanat\Desktop\energy forecast\main.py:107: FutureWarning: 'H' is deprecated and will be removed in a future version, please use 'h' instead.
  df_hourly = df["Load"].resample("1H").mean()
2025-12-08 08:54:10 - INFO - Fetching https://www.ercot.com/api/1/services/read/dashboards/supply-demand.json
2025-12-08 08:54:10 - INFO - Requesting https://www.ercot.com/api/1/services/read/dashboards/supply-demand.json with {}
C:\Users\sanat\Desktop\energy forecast\main.py:98: FutureWarning: Series.fillna with 'method' is deprecated and will raise in a future version. Use obj.ffill() or obj.bfill() instead.
  s_filled = s_filled.fillna(method="ffill").fillna(method="bfill")
C:\Users\sanat\Desktop\energy forecast\main.py:107: FutureWarning: 'H' is deprecated and will be removed in a future version, please use 'h' instead.
  df_hourly = df["Load"].resample("1H").mean()
2025-12-08 09:04:10 - INFO - Fetching https://www.ercot.com/api/1/services/read/dashboards/supply-demand.json
2025-12-08 09:04:10 - INFO - Requesting https://www.ercot.com/api/1/services/read/dashboards/supply-demand.json with {}
C:\Users\sanat\Desktop\energy forecast\main.py:98: FutureWarning: Series.fillna with 'method' is deprecated and will raise in a future version. Use obj.ffill() or obj.bfill() instead.
  s_filled = s_filled.fillna(method="ffill").fillna(method="bfill")
C:\Users\sanat\Desktop\energy forecast\main.py:107: FutureWarning: 'H' is deprecated and will be removed in a future version, please use 'h' instead.
  df_hourly = df["Load"].resample("1H").mean()
2025-12-08 09:14:10 - INFO - Fetching https://www.ercot.com/api/1/services/read/dashboards/supply-demand.json
2025-12-08 09:14:10 - INFO - Requesting https://www.ercot.com/api/1/services/read/dashboards/supply-demand.json with {}
C:\Users\sanat\Desktop\energy forecast\main.py:98: FutureWarning: Series.fillna with 'method' is deprecated and will raise in a future version. Use obj.ffill() or obj.bfill() instead.
  s_filled = s_filled.fillna(method="ffill").fillna(method="bfill")
C:\Users\sanat\Desktop\energy forecast\main.py:107: FutureWarning: 'H' is deprecated and will be removed in a future version, please use 'h' instead.
  df_hourly = df["Load"].resample("1H").mean()
2025-12-08 09:24:10 - INFO - Fetching https://www.ercot.com/api/1/services/read/dashboards/supply-demand.json
2025-12-08 09:24:10 - INFO - Requesting https://www.ercot.com/api/1/services/read/dashboards/supply-demand.json with {}
C:\Users\sanat\Desktop\energy forecast\main.py:98: FutureWarning: Series.fillna with 'method' is deprecated and will raise in a future version. Use obj.ffill() or obj.bfill() instead.
  s_filled = s_filled.fillna(method="ffill").fillna(method="bfill")
C:\Users\sanat\Desktop\energy forecast\main.py:107: FutureWarning: 'H' is deprecated and will be removed in a future version, please use 'h' instead.
  df_hourly = df["Load"].resample("1H").mean()
2025-12-08 09:34:10 - INFO - Fetching https://www.ercot.com/api/1/services/read/dashboards/supply-demand.json
2025-12-08 09:34:10 - INFO - Requesting https://www.ercot.com/api/1/services/read/dashboards/supply-demand.json with {}
C:\Users\sanat\Desktop\energy forecast\main.py:98: FutureWarning: Series.fillna with 'method' is deprecated and will raise in a future version. Use obj.ffill() or obj.bfill() instead.
  s_filled = s_filled.fillna(method="ffill").fillna(method="bfill")
C:\Users\sanat\Desktop\energy forecast\main.py:107: FutureWarning: 'H' is deprecated and will be removed in a future version, please use 'h' instead.
  df_hourly = df["Load"].resample("1H").mean()
2025-12-08 09:44:10 - INFO - Fetching https://www.ercot.com/api/1/services/read/dashboards/supply-demand.json
2025-12-08 09:44:10 - INFO - Requesting https://www.ercot.com/api/1/services/read/dashboards/supply-demand.json with {}
C:\Users\sanat\Desktop\energy forecast\main.py:98: FutureWarning: Series.fillna with 'method' is deprecated and will raise in a future version. Use obj.ffill() or obj.bfill() instead.
  s_filled = s_filled.fillna(method="ffill").fillna(method="bfill")
C:\Users\sanat\Desktop\energy forecast\main.py:107: FutureWarning: 'H' is deprecated and will be removed in a future version, please use 'h' instead.
  df_hourly = df["Load"].resample("1H").mean()
2025-12-08 09:54:10 - INFO - Fetching https://www.ercot.com/api/1/services/read/dashboards/supply-demand.json
2025-12-08 09:54:10 - INFO - Requesting https://www.ercot.com/api/1/services/read/dashboards/supply-demand.json with {}
C:\Users\sanat\Desktop\energy forecast\main.py:98: FutureWarning: Series.fillna with 'method' is deprecated and will raise in a future version. Use obj.ffill() or obj.bfill() instead.
  s_filled = s_filled.fillna(method="ffill").fillna(method="bfill")
C:\Users\sanat\Desktop\energy forecast\main.py:107: FutureWarning: 'H' is deprecated and will be removed in a future version, please use 'h' instead.
  df_hourly = df["Load"].resample("1H").mean()
2025-12-08 10:04:10 - INFO - Fetching https://www.ercot.com/api/1/services/read/dashboards/supply-demand.json
2025-12-08 10:04:10 - INFO - Requesting https://www.ercot.com/api/1/services/read/dashboards/supply-demand.json with {}
C:\Users\sanat\Desktop\energy forecast\main.py:98: FutureWarning: Series.fillna with 'method' is deprecated and will raise in a future version. Use obj.ffill() or obj.bfill() instead.
  s_filled = s_filled.fillna(method="ffill").fillna(method="bfill")
C:\Users\sanat\Desktop\energy forecast\main.py:107: FutureWarning: 'H' is deprecated and will be removed in a future version, please use 'h' instead.
  df_hourly = df["Load"].resample("1H").mean()
2025-12-08 10:14:10 - INFO - Fetching https://www.ercot.com/api/1/services/read/dashboards/supply-demand.json
2025-12-08 10:14:10 - INFO - Requesting https://www.ercot.com/api/1/services/read/dashboards/supply-demand.json with {}
C:\Users\sanat\Desktop\energy forecast\main.py:98: FutureWarning: Series.fillna with 'method' is deprecated and will raise in a future version. Use obj.ffill() or obj.bfill() instead.
  s_filled = s_filled.fillna(method="ffill").fillna(method="bfill")
C:\Users\sanat\Desktop\energy forecast\main.py:107: FutureWarning: 'H' is deprecated and will be removed in a future version, please use 'h' instead.
  df_hourly = df["Load"].resample("1H").mean()
2025-12-08 10:24:10 - INFO - Fetching https://www.ercot.com/api/1/services/read/dashboards/supply-demand.json
2025-12-08 10:24:10 - INFO - Requesting https://www.ercot.com/api/1/services/read/dashboards/supply-demand.json with {}
C:\Users\sanat\Desktop\energy forecast\main.py:98: FutureWarning: Series.fillna with 'method' is deprecated and will raise in a future version. Use obj.ffill() or obj.bfill() instead.
  s_filled = s_filled.fillna(method="ffill").fillna(method="bfill")
C:\Users\sanat\Desktop\energy forecast\main.py:107: FutureWarning: 'H' is deprecated and will be removed in a future version, please use 'h' instead.
  df_hourly = df["Load"].resample("1H").mean()
2025-12-08 10:34:10 - INFO - Fetching https://www.ercot.com/api/1/services/read/dashboards/supply-demand.json
2025-12-08 10:34:10 - INFO - Requesting https://www.ercot.com/api/1/services/read/dashboards/supply-demand.json with {}
C:\Users\sanat\Desktop\energy forecast\main.py:98: FutureWarning: Series.fillna with 'method' is deprecated and will raise in a future version. Use obj.ffill() or obj.bfill() instead.
  s_filled = s_filled.fillna(method="ffill").fillna(method="bfill")
C:\Users\sanat\Desktop\energy forecast\main.py:107: FutureWarning: 'H' is deprecated and will be removed in a future version, please use 'h' instead.
  df_hourly = df["Load"].resample("1H").mean()
2025-12-08 10:44:10 - INFO - Fetching https://www.ercot.com/api/1/services/read/dashboards/supply-demand.json
2025-12-08 10:44:10 - INFO - Requesting https://www.ercot.com/api/1/services/read/dashboards/supply-demand.json with {}
C:\Users\sanat\Desktop\energy forecast\main.py:98: FutureWarning: Series.fillna with 'method' is deprecated and will raise in a future version. Use obj.ffill() or obj.bfill() instead.
  s_filled = s_filled.fillna(method="ffill").fillna(method="bfill")
C:\Users\sanat\Desktop\energy forecast\main.py:107: FutureWarning: 'H' is deprecated and will be removed in a future version, please use 'h' instead.
  df_hourly = df["Load"].resample("1H").mean()
2025-12-08 10:54:10 - INFO - Fetching https://www.ercot.com/api/1/services/read/dashboards/supply-demand.json
2025-12-08 10:54:10 - INFO - Requesting https://www.ercot.com/api/1/services/read/dashboards/supply-demand.json with {}
C:\Users\sanat\Desktop\energy forecast\main.py:98: FutureWarning: Series.fillna with 'method' is deprecated and will raise in a future version. Use obj.ffill() or obj.bfill() instead.
  s_filled = s_filled.fillna(method="ffill").fillna(method="bfill")
C:\Users\sanat\Desktop\energy forecast\main.py:107: FutureWarning: 'H' is deprecated and will be removed in a future version, please use 'h' instead.
  df_hourly = df["Load"].resample("1H").mean()
2025-12-08 11:04:10 - INFO - Fetching https://www.ercot.com/api/1/services/read/dashboards/supply-demand.json
2025-12-08 11:04:10 - INFO - Requesting https://www.ercot.com/api/1/services/read/dashboards/supply-demand.json with {}
C:\Users\sanat\Desktop\energy forecast\main.py:98: FutureWarning: Series.fillna with 'method' is deprecated and will raise in a future version. Use obj.ffill() or obj.bfill() instead.
  s_filled = s_filled.fillna(method="ffill").fillna(method="bfill")
C:\Users\sanat\Desktop\energy forecast\main.py:107: FutureWarning: 'H' is deprecated and will be removed in a future version, please use 'h' instead.
  df_hourly = df["Load"].resample("1H").mean()
2025-12-08 11:14:10 - INFO - Fetching https://www.ercot.com/api/1/services/read/dashboards/supply-demand.json
2025-12-08 11:14:10 - INFO - Requesting https://www.ercot.com/api/1/services/read/dashboards/supply-demand.json with {}
C:\Users\sanat\Desktop\energy forecast\main.py:98: FutureWarning: Series.fillna with 'method' is deprecated and will raise in a future version. Use obj.ffill() or obj.bfill() instead.
  s_filled = s_filled.fillna(method="ffill").fillna(method="bfill")
C:\Users\sanat\Desktop\energy forecast\main.py:107: FutureWarning: 'H' is deprecated and will be removed in a future version, please use 'h' instead.
  df_hourly = df["Load"].resample("1H").mean()
2025-12-08 11:24:10 - INFO - Fetching https://www.ercot.com/api/1/services/read/dashboards/supply-demand.json
2025-12-08 11:24:10 - INFO - Requesting https://www.ercot.com/api/1/services/read/dashboards/supply-demand.json with {}
C:\Users\sanat\Desktop\energy forecast\main.py:98: FutureWarning: Series.fillna with 'method' is deprecated and will raise in a future version. Use obj.ffill() or obj.bfill() instead.
  s_filled = s_filled.fillna(method="ffill").fillna(method="bfill")
C:\Users\sanat\Desktop\energy forecast\main.py:107: FutureWarning: 'H' is deprecated and will be removed in a future version, please use 'h' instead.
  df_hourly = df["Load"].resample("1H").mean()
2025-12-08 11:34:10 - INFO - Fetching https://www.ercot.com/api/1/services/read/dashboards/supply-demand.json
2025-12-08 11:34:10 - INFO - Requesting https://www.ercot.com/api/1/services/read/dashboards/supply-demand.json with {}
C:\Users\sanat\Desktop\energy forecast\main.py:98: FutureWarning: Series.fillna with 'method' is deprecated and will raise in a future version. Use obj.ffill() or obj.bfill() instead.
  s_filled = s_filled.fillna(method="ffill").fillna(method="bfill")
C:\Users\sanat\Desktop\energy forecast\main.py:107: FutureWarning: 'H' is deprecated and will be removed in a future version, please use 'h' instead.
  df_hourly = df["Load"].resample("1H").mean()
2025-12-08 11:44:10 - INFO - Fetching https://www.ercot.com/api/1/services/read/dashboards/supply-demand.json
2025-12-08 11:44:10 - INFO - Requesting https://www.ercot.com/api/1/services/read/dashboards/supply-demand.json with {}
C:\Users\sanat\Desktop\energy forecast\main.py:98: FutureWarning: Series.fillna with 'method' is deprecated and will raise in a future version. Use obj.ffill() or obj.bfill() instead.
  s_filled = s_filled.fillna(method="ffill").fillna(method="bfill")
C:\Users\sanat\Desktop\energy forecast\main.py:107: FutureWarning: 'H' is deprecated and will be removed in a future version, please use 'h' instead.
  df_hourly = df["Load"].resample("1H").mean()
2025-12-08 11:54:10 - INFO - Fetching https://www.ercot.com/api/1/services/read/dashboards/supply-demand.json
2025-12-08 11:54:10 - INFO - Requesting https://www.ercot.com/api/1/services/read/dashboards/supply-demand.json with {}
C:\Users\sanat\Desktop\energy forecast\main.py:98: FutureWarning: Series.fillna with 'method' is deprecated and will raise in a future version. Use obj.ffill() or obj.bfill() instead.
  s_filled = s_filled.fillna(method="ffill").fillna(method="bfill")
C:\Users\sanat\Desktop\energy forecast\main.py:107: FutureWarning: 'H' is deprecated and will be removed in a future version, please use 'h' instead.
  df_hourly = df["Load"].resample("1H").mean()
2025-12-08 12:04:10 - INFO - Fetching https://www.ercot.com/api/1/services/read/dashboards/supply-demand.json
2025-12-08 12:04:10 - INFO - Requesting https://www.ercot.com/api/1/services/read/dashboards/supply-demand.json with {}
C:\Users\sanat\Desktop\energy forecast\main.py:98: FutureWarning: Series.fillna with 'method' is deprecated and will raise in a future version. Use obj.ffill() or obj.bfill() instead.
  s_filled = s_filled.fillna(method="ffill").fillna(method="bfill")
C:\Users\sanat\Desktop\energy forecast\main.py:107: FutureWarning: 'H' is deprecated and will be removed in a future version, please use 'h' instead.
  df_hourly = df["Load"].resample("1H").mean()
2025-12-08 12:14:10 - INFO - Fetching https://www.ercot.com/api/1/services/read/dashboards/supply-demand.json
2025-12-08 12:14:10 - INFO - Requesting https://www.ercot.com/api/1/services/read/dashboards/supply-demand.json with {}
C:\Users\sanat\Desktop\energy forecast\main.py:98: FutureWarning: Series.fillna with 'method' is deprecated and will raise in a future version. Use obj.ffill() or obj.bfill() instead.
  s_filled = s_filled.fillna(method="ffill").fillna(method="bfill")
C:\Users\sanat\Desktop\energy forecast\main.py:107: FutureWarning: 'H' is deprecated and will be removed in a future version, please use 'h' instead.
  df_hourly = df["Load"].resample("1H").mean()
2025-12-08 12:24:10 - INFO - Fetching https://www.ercot.com/api/1/services/read/dashboards/supply-demand.json
2025-12-08 12:24:10 - INFO - Requesting https://www.ercot.com/api/1/services/read/dashboards/supply-demand.json with {}
C:\Users\sanat\Desktop\energy forecast\main.py:98: FutureWarning: Series.fillna with 'method' is deprecated and will raise in a future version. Use obj.ffill() or obj.bfill() instead.
  s_filled = s_filled.fillna(method="ffill").fillna(method="bfill")
C:\Users\sanat\Desktop\energy forecast\main.py:107: FutureWarning: 'H' is deprecated and will be removed in a future version, please use 'h' instead.
  df_hourly = df["Load"].resample("1H").mean()
2025-12-08 12:34:10 - INFO - Fetching https://www.ercot.com/api/1/services/read/dashboards/supply-demand.json
2025-12-08 12:34:10 - INFO - Requesting https://www.ercot.com/api/1/services/read/dashboards/supply-demand.json with {}
C:\Users\sanat\Desktop\energy forecast\main.py:98: FutureWarning: Series.fillna with 'method' is deprecated and will raise in a future version. Use obj.ffill() or obj.bfill() instead.
  s_filled = s_filled.fillna(method="ffill").fillna(method="bfill")
C:\Users\sanat\Desktop\energy forecast\main.py:107: FutureWarning: 'H' is deprecated and will be removed in a future version, please use 'h' instead.
  df_hourly = df["Load"].resample("1H").mean()
2025-12-08 12:44:10 - INFO - Fetching https://www.ercot.com/api/1/services/read/dashboards/supply-demand.json
2025-12-08 12:44:10 - INFO - Requesting https://www.ercot.com/api/1/services/read/dashboards/supply-demand.json with {}
C:\Users\sanat\Desktop\energy forecast\main.py:98: FutureWarning: Series.fillna with 'method' is deprecated and will raise in a future version. Use obj.ffill() or obj.bfill() instead.
  s_filled = s_filled.fillna(method="ffill").fillna(method="bfill")
C:\Users\sanat\Desktop\energy forecast\main.py:107: FutureWarning: 'H' is deprecated and will be removed in a future version, please use 'h' instead.
  df_hourly = df["Load"].resample("1H").mean()
2025-12-08 12:54:10 - INFO - Fetching https://www.ercot.com/api/1/services/read/dashboards/supply-demand.json
2025-12-08 12:54:10 - INFO - Requesting https://www.ercot.com/api/1/services/read/dashboards/supply-demand.json with {}
C:\Users\sanat\Desktop\energy forecast\main.py:98: FutureWarning: Series.fillna with 'method' is deprecated and will raise in a future version. Use obj.ffill() or obj.bfill() instead.
  s_filled = s_filled.fillna(method="ffill").fillna(method="bfill")
C:\Users\sanat\Desktop\energy forecast\main.py:107: FutureWarning: 'H' is deprecated and will be removed in a future version, please use 'h' instead.
  df_hourly = df["Load"].resample("1H").mean()
2025-12-08 13:04:10 - INFO - Fetching https://www.ercot.com/api/1/services/read/dashboards/supply-demand.json
2025-12-08 13:04:10 - INFO - Requesting https://www.ercot.com/api/1/services/read/dashboards/supply-demand.json with {}
C:\Users\sanat\Desktop\energy forecast\main.py:98: FutureWarning: Series.fillna with 'method' is deprecated and will raise in a future version. Use obj.ffill() or obj.bfill() instead.
  s_filled = s_filled.fillna(method="ffill").fillna(method="bfill")
C:\Users\sanat\Desktop\energy forecast\main.py:107: FutureWarning: 'H' is deprecated and will be removed in a future version, please use 'h' instead.
  df_hourly = df["Load"].resample("1H").mean()
2025-12-08 13:14:10 - INFO - Fetching https://www.ercot.com/api/1/services/read/dashboards/supply-demand.json
2025-12-08 13:14:10 - INFO - Requesting https://www.ercot.com/api/1/services/read/dashboards/supply-demand.json with {}
C:\Users\sanat\Desktop\energy forecast\main.py:98: FutureWarning: Series.fillna with 'method' is deprecated and will raise in a future version. Use obj.ffill() or obj.bfill() instead.
  s_filled = s_filled.fillna(method="ffill").fillna(method="bfill")
C:\Users\sanat\Desktop\energy forecast\main.py:107: FutureWarning: 'H' is deprecated and will be removed in a future version, please use 'h' instead.
  df_hourly = df["Load"].resample("1H").mean()
2025-12-08 13:24:10 - INFO - Fetching https://www.ercot.com/api/1/services/read/dashboards/supply-demand.json
2025-12-08 13:24:10 - INFO - Requesting https://www.ercot.com/api/1/services/read/dashboards/supply-demand.json with {}
C:\Users\sanat\Desktop\energy forecast\main.py:98: FutureWarning: Series.fillna with 'method' is deprecated and will raise in a future version. Use obj.ffill() or obj.bfill() instead.
  s_filled = s_filled.fillna(method="ffill").fillna(method="bfill")
C:\Users\sanat\Desktop\energy forecast\main.py:107: FutureWarning: 'H' is deprecated and will be removed in a future version, please use 'h' instead.
  df_hourly = df["Load"].resample("1H").mean()
2025-12-08 13:34:10 - INFO - Fetching https://www.ercot.com/api/1/services/read/dashboards/supply-demand.json
2025-12-08 13:34:10 - INFO - Requesting https://www.ercot.com/api/1/services/read/dashboards/supply-demand.json with {}
C:\Users\sanat\Desktop\energy forecast\main.py:98: FutureWarning: Series.fillna with 'method' is deprecated and will raise in a future version. Use obj.ffill() or obj.bfill() instead.
  s_filled = s_filled.fillna(method="ffill").fillna(method="bfill")
C:\Users\sanat\Desktop\energy forecast\main.py:107: FutureWarning: 'H' is deprecated and will be removed in a future version, please use 'h' instead.
  df_hourly = df["Load"].resample("1H").mean()
2025-12-08 13:44:10 - INFO - Fetching https://www.ercot.com/api/1/services/read/dashboards/supply-demand.json
2025-12-08 13:44:10 - INFO - Requesting https://www.ercot.com/api/1/services/read/dashboards/supply-demand.json with {}
C:\Users\sanat\Desktop\energy forecast\main.py:98: FutureWarning: Series.fillna with 'method' is deprecated and will raise in a future version. Use obj.ffill() or obj.bfill() instead.
  s_filled = s_filled.fillna(method="ffill").fillna(method="bfill")
C:\Users\sanat\Desktop\energy forecast\main.py:107: FutureWarning: 'H' is deprecated and will be removed in a future version, please use 'h' instead.
  df_hourly = df["Load"].resample("1H").mean()
2025-12-08 13:54:10 - INFO - Fetching https://www.ercot.com/api/1/services/read/dashboards/supply-demand.json
2025-12-08 13:54:10 - INFO - Requesting https://www.ercot.com/api/1/services/read/dashboards/supply-demand.json with {}
C:\Users\sanat\Desktop\energy forecast\main.py:98: FutureWarning: Series.fillna with 'method' is deprecated and will raise in a future version. Use obj.ffill() or obj.bfill() instead.
  s_filled = s_filled.fillna(method="ffill").fillna(method="bfill")
C:\Users\sanat\Desktop\energy forecast\main.py:107: FutureWarning: 'H' is deprecated and will be removed in a future version, please use 'h' instead.
  df_hourly = df["Load"].resample("1H").mean()
2025-12-08 14:04:10 - INFO - Fetching https://www.ercot.com/api/1/services/read/dashboards/supply-demand.json
2025-12-08 14:04:10 - INFO - Requesting https://www.ercot.com/api/1/services/read/dashboards/supply-demand.json with {}
C:\Users\sanat\Desktop\energy forecast\main.py:98: FutureWarning: Series.fillna with 'method' is deprecated and will raise in a future version. Use obj.ffill() or obj.bfill() instead.
  s_filled = s_filled.fillna(method="ffill").fillna(method="bfill")
C:\Users\sanat\Desktop\energy forecast\main.py:107: FutureWarning: 'H' is deprecated and will be removed in a future version, please use 'h' instead.
  df_hourly = df["Load"].resample("1H").mean()
2025-12-08 14:14:10 - INFO - Fetching https://www.ercot.com/api/1/services/read/dashboards/supply-demand.json
2025-12-08 14:14:10 - INFO - Requesting https://www.ercot.com/api/1/services/read/dashboards/supply-demand.json with {}
C:\Users\sanat\Desktop\energy forecast\main.py:98: FutureWarning: Series.fillna with 'method' is deprecated and will raise in a future version. Use obj.ffill() or obj.bfill() instead.
  s_filled = s_filled.fillna(method="ffill").fillna(method="bfill")
C:\Users\sanat\Desktop\energy forecast\main.py:107: FutureWarning: 'H' is deprecated and will be removed in a future version, please use 'h' instead.
  df_hourly = df["Load"].resample("1H").mean()
2025-12-08 14:24:10 - INFO - Fetching https://www.ercot.com/api/1/services/read/dashboards/supply-demand.json
2025-12-08 14:24:10 - INFO - Requesting https://www.ercot.com/api/1/services/read/dashboards/supply-demand.json with {}
C:\Users\sanat\Desktop\energy forecast\main.py:98: FutureWarning: Series.fillna with 'method' is deprecated and will raise in a future version. Use obj.ffill() or obj.bfill() instead.
  s_filled = s_filled.fillna(method="ffill").fillna(method="bfill")
C:\Users\sanat\Desktop\energy forecast\main.py:107: FutureWarning: 'H' is deprecated and will be removed in a future version, please use 'h' instead.
  df_hourly = df["Load"].resample("1H").mean()
2025-12-08 14:34:10 - INFO - Fetching https://www.ercot.com/api/1/services/read/dashboards/supply-demand.json
2025-12-08 14:34:10 - INFO - Requesting https://www.ercot.com/api/1/services/read/dashboards/supply-demand.json with {}
C:\Users\sanat\Desktop\energy forecast\main.py:98: FutureWarning: Series.fillna with 'method' is deprecated and will raise in a future version. Use obj.ffill() or obj.bfill() instead.
  s_filled = s_filled.fillna(method="ffill").fillna(method="bfill")
C:\Users\sanat\Desktop\energy forecast\main.py:107: FutureWarning: 'H' is deprecated and will be removed in a future version, please use 'h' instead.
  df_hourly = df["Load"].resample("1H").mean()
2025-12-08 14:44:10 - INFO - Fetching https://www.ercot.com/api/1/services/read/dashboards/supply-demand.json
2025-12-08 14:44:10 - INFO - Requesting https://www.ercot.com/api/1/services/read/dashboards/supply-demand.json with {}
C:\Users\sanat\Desktop\energy forecast\main.py:98: FutureWarning: Series.fillna with 'method' is deprecated and will raise in a future version. Use obj.ffill() or obj.bfill() instead.
  s_filled = s_filled.fillna(method="ffill").fillna(method="bfill")
C:\Users\sanat\Desktop\energy forecast\main.py:107: FutureWarning: 'H' is deprecated and will be removed in a future version, please use 'h' instead.
  df_hourly = df["Load"].resample("1H").mean()
Run time of job "refresh_fallback_job (trigger: interval[0:10:00], next run at: 2025-12-08 16:44:10 CST)" was missed by 0:02:22.428266
2025-12-08 16:44:10 - INFO - Fetching https://www.ercot.com/api/1/services/read/dashboards/supply-demand.json
2025-12-08 16:44:10 - INFO - Requesting https://www.ercot.com/api/1/services/read/dashboards/supply-demand.json with {}
C:\Users\sanat\Desktop\energy forecast\main.py:98: FutureWarning: Series.fillna with 'method' is deprecated and will raise in a future version. Use obj.ffill() or obj.bfill() instead.
  s_filled = s_filled.fillna(method="ffill").fillna(method="bfill")
C:\Users\sanat\Desktop\energy forecast\main.py:107: FutureWarning: 'H' is deprecated and will be removed in a future version, please use 'h' instead.
  df_hourly = df["Load"].resample("1H").mean()
2025-12-08 16:54:10 - INFO - Fetching https://www.ercot.com/api/1/services/read/dashboards/supply-demand.json
2025-12-08 16:54:10 - INFO - Requesting https://www.ercot.com/api/1/services/read/dashboards/supply-demand.json with {}
C:\Users\sanat\Desktop\energy forecast\main.py:98: FutureWarning: Series.fillna with 'method' is deprecated and will raise in a future version. Use obj.ffill() or obj.bfill() instead.
  s_filled = s_filled.fillna(method="ffill").fillna(method="bfill")
C:\Users\sanat\Desktop\energy forecast\main.py:107: FutureWarning: 'H' is deprecated and will be removed in a future version, please use 'h' instead.
  df_hourly = df["Load"].resample("1H").mean()
Run time of job "refresh_fallback_job (trigger: interval[0:10:00], next run at: 2025-12-08 17:34:10 CST)" was missed by 0:03:48.715332
2025-12-08 17:34:10 - INFO - Fetching https://www.ercot.com/api/1/services/read/dashboards/supply-demand.json
2025-12-08 17:34:10 - INFO - Requesting https://www.ercot.com/api/1/services/read/dashboards/supply-demand.json with {}
C:\Users\sanat\Desktop\energy forecast\main.py:98: FutureWarning: Series.fillna with 'method' is deprecated and will raise in a future version. Use obj.ffill() or obj.bfill() instead.
  s_filled = s_filled.fillna(method="ffill").fillna(method="bfill")
C:\Users\sanat\Desktop\energy forecast\main.py:107: FutureWarning: 'H' is deprecated and will be removed in a future version, please use 'h' instead.
  df_hourly = df["Load"].resample("1H").mean()
2025-12-08 17:44:10 - INFO - Fetching https://www.ercot.com/api/1/services/read/dashboards/supply-demand.json
2025-12-08 17:44:10 - INFO - Requesting https://www.ercot.com/api/1/services/read/dashboards/supply-demand.json with {}
C:\Users\sanat\Desktop\energy forecast\main.py:98: FutureWarning: Series.fillna with 'method' is deprecated and will raise in a future version. Use obj.ffill() or obj.bfill() instead.
  s_filled = s_filled.fillna(method="ffill").fillna(method="bfill")
C:\Users\sanat\Desktop\energy forecast\main.py:107: FutureWarning: 'H' is deprecated and will be removed in a future version, please use 'h' instead.
  df_hourly = df["Load"].resample("1H").mean()
2025-12-08 17:54:10 - INFO - Fetching https://www.ercot.com/api/1/services/read/dashboards/supply-demand.json
2025-12-08 17:54:10 - INFO - Requesting https://www.ercot.com/api/1/services/read/dashboards/supply-demand.json with {}
C:\Users\sanat\Desktop\energy forecast\main.py:98: FutureWarning: Series.fillna with 'method' is deprecated and will raise in a future version. Use obj.ffill() or obj.bfill() instead.
  s_filled = s_filled.fillna(method="ffill").fillna(method="bfill")
C:\Users\sanat\Desktop\energy forecast\main.py:107: FutureWarning: 'H' is deprecated and will be removed in a future version, please use 'h' instead.
  df_hourly = df["Load"].resample("1H").mean()
2025-12-08 18:04:10 - INFO - Fetching https://www.ercot.com/api/1/services/read/dashboards/supply-demand.json
2025-12-08 18:04:10 - INFO - Requesting https://www.ercot.com/api/1/services/read/dashboards/supply-demand.json with {}
C:\Users\sanat\Desktop\energy forecast\main.py:98: FutureWarning: Series.fillna with 'method' is deprecated and will raise in a future version. Use obj.ffill() or obj.bfill() instead.
  s_filled = s_filled.fillna(method="ffill").fillna(method="bfill")
C:\Users\sanat\Desktop\energy forecast\main.py:107: FutureWarning: 'H' is deprecated and will be removed in a future version, please use 'h' instead.
  df_hourly = df["Load"].resample("1H").mean()
2025-12-08 18:14:10 - INFO - Fetching https://www.ercot.com/api/1/services/read/dashboards/supply-demand.json
2025-12-08 18:14:10 - INFO - Requesting https://www.ercot.com/api/1/services/read/dashboards/supply-demand.json with {}
C:\Users\sanat\Desktop\energy forecast\main.py:98: FutureWarning: Series.fillna with 'method' is deprecated and will raise in a future version. Use obj.ffill() or obj.bfill() instead.
  s_filled = s_filled.fillna(method="ffill").fillna(method="bfill")
C:\Users\sanat\Desktop\energy forecast\main.py:107: FutureWarning: 'H' is deprecated and will be removed in a future version, please use 'h' instead.
  df_hourly = df["Load"].resample("1H").mean()
2025-12-08 18:24:10 - INFO - Fetching https://www.ercot.com/api/1/services/read/dashboards/supply-demand.json
2025-12-08 18:24:10 - INFO - Requesting https://www.ercot.com/api/1/services/read/dashboards/supply-demand.json with {}
C:\Users\sanat\Desktop\energy forecast\main.py:98: FutureWarning: Series.fillna with 'method' is deprecated and will raise in a future version. Use obj.ffill() or obj.bfill() instead.
  s_filled = s_filled.fillna(method="ffill").fillna(method="bfill")
C:\Users\sanat\Desktop\energy forecast\main.py:107: FutureWarning: 'H' is deprecated and will be removed in a future version, please use 'h' instead.
  df_hourly = df["Load"].resample("1H").mean()
2025-12-08 18:34:10 - INFO - Fetching https://www.ercot.com/api/1/services/read/dashboards/supply-demand.json
2025-12-08 18:34:10 - INFO - Requesting https://www.ercot.com/api/1/services/read/dashboards/supply-demand.json with {}
C:\Users\sanat\Desktop\energy forecast\main.py:98: FutureWarning: Series.fillna with 'method' is deprecated and will raise in a future version. Use obj.ffill() or obj.bfill() instead.
  s_filled = s_filled.fillna(method="ffill").fillna(method="bfill")
C:\Users\sanat\Desktop\energy forecast\main.py:107: FutureWarning: 'H' is deprecated and will be removed in a future version, please use 'h' instead.
  df_hourly = df["Load"].resample("1H").mean()
2025-12-08 18:44:10 - INFO - Fetching https://www.ercot.com/api/1/services/read/dashboards/supply-demand.json
2025-12-08 18:44:10 - INFO - Requesting https://www.ercot.com/api/1/services/read/dashboards/supply-demand.json with {}
C:\Users\sanat\Desktop\energy forecast\main.py:98: FutureWarning: Series.fillna with 'method' is deprecated and will raise in a future version. Use obj.ffill() or obj.bfill() instead.
  s_filled = s_filled.fillna(method="ffill").fillna(method="bfill")
C:\Users\sanat\Desktop\energy forecast\main.py:107: FutureWarning: 'H' is deprecated and will be removed in a future version, please use 'h' instead.
  df_hourly = df["Load"].resample("1H").mean()
2025-12-08 18:54:10 - INFO - Fetching https://www.ercot.com/api/1/services/read/dashboards/supply-demand.json
2025-12-08 18:54:10 - INFO - Requesting https://www.ercot.com/api/1/services/read/dashboards/supply-demand.json with {}
C:\Users\sanat\Desktop\energy forecast\main.py:98: FutureWarning: Series.fillna with 'method' is deprecated and will raise in a future version. Use obj.ffill() or obj.bfill() instead.
  s_filled = s_filled.fillna(method="ffill").fillna(method="bfill")
C:\Users\sanat\Desktop\energy forecast\main.py:107: FutureWarning: 'H' is deprecated and will be removed in a future version, please use 'h' instead.
  df_hourly = df["Load"].resample("1H").mean()
2025-12-08 19:04:10 - INFO - Fetching https://www.ercot.com/api/1/services/read/dashboards/supply-demand.json
2025-12-08 19:04:10 - INFO - Requesting https://www.ercot.com/api/1/services/read/dashboards/supply-demand.json with {}
C:\Users\sanat\Desktop\energy forecast\main.py:98: FutureWarning: Series.fillna with 'method' is deprecated and will raise in a future version. Use obj.ffill() or obj.bfill() instead.
  s_filled = s_filled.fillna(method="ffill").fillna(method="bfill")
C:\Users\sanat\Desktop\energy forecast\main.py:107: FutureWarning: 'H' is deprecated and will be removed in a future version, please use 'h' instead.
  df_hourly = df["Load"].resample("1H").mean()
Run time of job "refresh_fallback_job (trigger: interval[0:10:00], next run at: 2025-12-08 19:24:10 CST)" was missed by 0:00:03.447046
2025-12-08 19:24:10 - INFO - Fetching https://www.ercot.com/api/1/services/read/dashboards/supply-demand.json
2025-12-08 19:24:10 - INFO - Requesting https://www.ercot.com/api/1/services/read/dashboards/supply-demand.json with {}
C:\Users\sanat\Desktop\energy forecast\main.py:98: FutureWarning: Series.fillna with 'method' is deprecated and will raise in a future version. Use obj.ffill() or obj.bfill() instead.
  s_filled = s_filled.fillna(method="ffill").fillna(method="bfill")
C:\Users\sanat\Desktop\energy forecast\main.py:107: FutureWarning: 'H' is deprecated and will be removed in a future version, please use 'h' instead.
  df_hourly = df["Load"].resample("1H").mean()
